<?xml version="1.0" encoding="UTF-8"?>
<testsuite name="MainKtTest" tests="22" skipped="0" failures="0" errors="0" timestamp="2023-03-21T10:44:02" hostname="MacBook-Air-Aleksey.local" time="0.034">
  <properties/>
  <testcase name="totalTransferMaestroWithoutDiscont" classname="MainKtTest" time="0.018"/>
  <testcase name="totalTransferVisaFall" classname="MainKtTest" time="0.0"/>
  <testcase name="totalTransferVKWihtoutLimit" classname="MainKtTest" time="0.0"/>
  <testcase name="totalTransferVisaWithoutDiscont" classname="MainKtTest" time="0.001"/>
  <testcase name="totalTransferMirWihtDiscount" classname="MainKtTest" time="0.0"/>
  <testcase name="totalTransferVisaLimit" classname="MainKtTest" time="0.004"/>
  <testcase name="totalTransferMirLimit" classname="MainKtTest" time="0.0"/>
  <testcase name="totalTransferMirWihtoutDiscount" classname="MainKtTest" time="0.0"/>
  <testcase name="totalTransferMasterCardLimit" classname="MainKtTest" time="0.0"/>
  <testcase name="totalTransferVisaWithMinDiscont" classname="MainKtTest" time="0.0"/>
  <testcase name="totalTransferUnknown" classname="MainKtTest" time="0.0"/>
  <testcase name="totalTransferMasterCardWithoutDiscount" classname="MainKtTest" time="0.0"/>
  <testcase name="totalTransferMax" classname="MainKtTest" time="0.001"/>
  <testcase name="totalTransferVKWihtLimit" classname="MainKtTest" time="0.0"/>
  <testcase name="totalTransferMaestroWithDiscont" classname="MainKtTest" time="0.0"/>
  <testcase name="totalTransferVisaMin" classname="MainKtTest" time="0.002"/>
  <testcase name="totalTransferMirWihtMinDiscount" classname="MainKtTest" time="0.001"/>
  <testcase name="totalTransferVKWihtoutDiscount" classname="MainKtTest" time="0.0"/>
  <testcase name="totalTransferVisaWithDiscount" classname="MainKtTest" time="0.0"/>
  <testcase name="totalTransferMaestroLimit" classname="MainKtTest" time="0.0"/>
  <testcase name="totalTransferMirMin" classname="MainKtTest" time="0.0"/>
  <testcase name="totalTransferMasterCardWithDiscount" classname="MainKtTest" time="0.0"/>
  <system-out><![CDATA[]]></system-out>
  <system-err><![CDATA[]]></system-err>
</testsuite>
